<?xml version="1.0" encoding="UTF-8"?>
<testsuite name="com.spring.ControllerTest" tests="1" skipped="0" failures="0" errors="0" timestamp="2018-12-20T07:36:49" hostname="Hernan-Restrepo" time="0.006">
  <properties/>
  <testcase name="testMinimunSwaps" classname="com.spring.ControllerTest" time="0.006"/>
  <system-out><![CDATA[]]></system-out>
  <system-err><![CDATA[]]></system-err>
</testsuite>
